2024-12-06 15:32:42.713530: I tensorflow/core/util/port.cc:110] oneDNN custom operations are on. You may see slightly different numerical results due to floating-point round-off errors from different computation orders. To turn them off, set the environment variable `TF_ENABLE_ONEDNN_OPTS=0`.
2024-12-06 15:32:44.782227: I tensorflow/core/platform/cpu_feature_guard.cc:182] This TensorFlow binary is optimized to use available CPU instructions in performance-critical operations.
To enable the following instructions: AVX2 AVX512F AVX512_VNNI FMA, in other operations, rebuild TensorFlow with the appropriate compiler flags.
2024-12-06 15:33:08.288120: W tensorflow/compiler/tf2tensorrt/utils/py_utils.cc:38] TF-TRT Warning: Could not find TensorRT
  0%|          | 0/290 [00:00<?, ?it/s]  0%|          | 1/290 [00:00<02:12,  2.18it/s]  1%|          | 2/290 [00:00<01:34,  3.06it/s]  1%|          | 3/290 [00:00<01:21,  3.52it/s]  1%|▏         | 4/290 [00:01<01:21,  3.51it/s]  2%|▏         | 5/290 [00:01<01:20,  3.54it/s]  2%|▏         | 6/290 [00:01<01:15,  3.76it/s]  2%|▏         | 7/290 [00:01<01:12,  3.90it/s]  3%|▎         | 8/290 [00:02<01:10,  4.00it/s]  3%|▎         | 9/290 [00:02<01:09,  4.06it/s]  3%|▎         | 10/290 [00:02<01:13,  3.83it/s]  4%|▍         | 11/290 [00:02<01:10,  3.93it/s]  4%|▍         | 12/290 [00:03<01:09,  4.01it/s]  4%|▍         | 13/290 [00:03<01:08,  4.07it/s]  5%|▍         | 14/290 [00:03<01:07,  4.12it/s]  5%|▌         | 15/290 [00:03<01:06,  4.16it/s]  6%|▌         | 16/290 [00:04<01:05,  4.18it/s]  6%|▌         | 17/290 [00:04<01:06,  4.10it/s]  6%|▌         | 18/290 [00:04<01:05,  4.13it/s]  7%|▋         | 19/290 [00:04<01:05,  4.15it/s]  7%|▋         | 20/290 [00:05<01:04,  4.18it/s]  7%|▋         | 21/290 [00:05<01:04,  4.18it/s]  8%|▊         | 22/290 [00:05<01:03,  4.19it/s]  8%|▊         | 23/290 [00:05<01:03,  4.21it/s]  8%|▊         | 24/290 [00:06<01:03,  4.20it/s]  9%|▊         | 25/290 [00:06<01:02,  4.21it/s]  9%|▉         | 26/290 [00:06<01:02,  4.22it/s]  9%|▉         | 27/290 [00:06<01:02,  4.23it/s] 10%|▉         | 28/290 [00:07<01:01,  4.24it/s] 10%|█         | 29/290 [00:07<01:01,  4.22it/s] 10%|█         | 30/290 [00:07<01:01,  4.21it/s] 11%|█         | 31/290 [00:07<01:01,  4.20it/s] 11%|█         | 32/290 [00:07<01:02,  4.10it/s] 11%|█▏        | 33/290 [00:08<01:02,  4.12it/s] 12%|█▏        | 34/290 [00:08<01:01,  4.13it/s] 12%|█▏        | 35/290 [00:08<01:01,  4.14it/s] 12%|█▏        | 36/290 [00:08<01:01,  4.16it/s] 13%|█▎        | 37/290 [00:09<01:00,  4.17it/s] 13%|█▎        | 38/290 [00:09<01:02,  4.00it/s] 13%|█▎        | 39/290 [00:09<01:02,  4.04it/s] 14%|█▍        | 40/290 [00:09<01:01,  4.08it/s] 14%|█▍        | 41/290 [00:10<01:00,  4.10it/s] 14%|█▍        | 42/290 [00:10<01:00,  4.11it/s] 15%|█▍        | 43/290 [00:10<00:59,  4.13it/s] 15%|█▌        | 44/290 [00:10<00:59,  4.13it/s] 16%|█▌        | 45/290 [00:11<00:58,  4.16it/s] 16%|█▌        | 46/290 [00:11<00:58,  4.16it/s] 16%|█▌        | 47/290 [00:11<00:58,  4.18it/s] 17%|█▋        | 48/290 [00:11<00:57,  4.21it/s] 17%|█▋        | 49/290 [00:12<00:57,  4.21it/s] 17%|█▋        | 50/290 [00:12<00:56,  4.22it/s] 18%|█▊        | 51/290 [00:12<00:56,  4.22it/s] 18%|█▊        | 52/290 [00:12<00:56,  4.24it/s] 18%|█▊        | 53/290 [00:13<00:57,  4.12it/s] 19%|█▊        | 54/290 [00:13<00:56,  4.14it/s] 19%|█▉        | 55/290 [00:13<00:56,  4.14it/s] 19%|█▉        | 56/290 [00:13<00:56,  4.14it/s] 20%|█▉        | 57/290 [00:14<00:56,  4.14it/s] 20%|██        | 58/290 [00:14<00:57,  4.04it/s] 20%|██        | 59/290 [00:14<00:56,  4.11it/s] 21%|██        | 60/290 [00:14<00:55,  4.16it/s] 21%|██        | 61/290 [00:14<00:55,  4.16it/s] 21%|██▏       | 62/290 [00:15<00:54,  4.20it/s] 22%|██▏       | 63/290 [00:15<00:53,  4.22it/s] 22%|██▏       | 64/290 [00:15<00:53,  4.23it/s] 22%|██▏       | 65/290 [00:15<00:53,  4.24it/s] 23%|██▎       | 66/290 [00:16<00:55,  4.03it/s] 23%|██▎       | 67/290 [00:16<00:54,  4.10it/s] 23%|██▎       | 68/290 [00:16<00:53,  4.14it/s] 24%|██▍       | 69/290 [00:16<00:53,  4.16it/s] 24%|██▍       | 70/290 [00:17<00:52,  4.19it/s] 24%|██▍       | 71/290 [00:17<00:52,  4.21it/s] 25%|██▍       | 72/290 [00:17<00:51,  4.23it/s] 25%|██▌       | 73/290 [00:17<00:51,  4.22it/s] 26%|██▌       | 74/290 [00:18<00:51,  4.22it/s] 26%|██▌       | 75/290 [00:18<00:52,  4.12it/s] 26%|██▌       | 76/290 [00:18<00:51,  4.13it/s] 27%|██▋       | 77/290 [00:18<00:51,  4.14it/s] 27%|██▋       | 78/290 [00:19<00:51,  4.14it/s] 27%|██▋       | 79/290 [00:19<00:50,  4.17it/s] 28%|██▊       | 80/290 [00:19<00:50,  4.18it/s] 28%|██▊       | 81/290 [00:19<00:50,  4.18it/s] 28%|██▊       | 82/290 [00:20<00:49,  4.20it/s] 29%|██▊       | 83/290 [00:20<00:49,  4.21it/s] 29%|██▉       | 84/290 [00:20<00:49,  4.20it/s] 29%|██▉       | 85/290 [00:20<00:48,  4.21it/s] 30%|██▉       | 86/290 [00:20<00:48,  4.22it/s] 30%|███       | 87/290 [00:21<00:48,  4.20it/s] 30%|███       | 88/290 [00:21<00:48,  4.18it/s] 31%|███       | 89/290 [00:21<00:48,  4.17it/s] 31%|███       | 90/290 [00:21<00:47,  4.18it/s] 31%|███▏      | 91/290 [00:22<00:47,  4.16it/s] 32%|███▏      | 92/290 [00:22<00:47,  4.15it/s] 32%|███▏      | 93/290 [00:22<00:47,  4.13it/s] 32%|███▏      | 94/290 [00:22<00:47,  4.14it/s] 33%|███▎      | 95/290 [00:23<00:47,  4.15it/s] 33%|███▎      | 96/290 [00:23<00:46,  4.14it/s] 33%|███▎      | 97/290 [00:23<00:46,  4.15it/s] 34%|███▍      | 98/290 [00:23<00:46,  4.15it/s] 34%|███▍      | 99/290 [00:24<00:46,  4.12it/s] 34%|███▍      | 100/290 [00:24<00:46,  4.12it/s] 35%|███▍      | 101/290 [00:24<00:45,  4.13it/s] 35%|███▌      | 102/290 [00:24<00:45,  4.15it/s] 36%|███▌      | 103/290 [00:25<00:44,  4.16it/s] 36%|███▌      | 104/290 [00:25<00:44,  4.17it/s] 36%|███▌      | 105/290 [00:25<00:44,  4.19it/s] 37%|███▋      | 106/290 [00:25<00:44,  4.18it/s] 37%|███▋      | 107/290 [00:26<00:48,  3.75it/s] 37%|███▋      | 108/290 [00:26<00:47,  3.86it/s] 38%|███▊      | 109/290 [00:26<00:45,  3.95it/s] 38%|███▊      | 110/290 [00:26<00:44,  4.02it/s] 38%|███▊      | 111/290 [00:27<00:43,  4.07it/s] 39%|███▊      | 112/290 [00:27<00:43,  4.12it/s] 39%|███▉      | 113/290 [00:27<00:42,  4.17it/s] 39%|███▉      | 114/290 [00:27<00:43,  4.06it/s] 40%|███▉      | 115/290 [00:28<00:42,  4.08it/s] 40%|████      | 116/290 [00:28<00:42,  4.11it/s] 40%|████      | 117/290 [00:28<00:41,  4.14it/s] 41%|████      | 118/290 [00:28<00:41,  4.17it/s] 41%|████      | 119/290 [00:28<00:40,  4.19it/s] 41%|████▏     | 120/290 [00:29<00:40,  4.22it/s] 42%|████▏     | 121/290 [00:29<00:41,  4.12it/s] 42%|████▏     | 122/290 [00:29<00:40,  4.17it/s] 42%|████▏     | 123/290 [00:29<00:39,  4.20it/s] 43%|████▎     | 124/290 [00:30<00:39,  4.21it/s] 43%|████▎     | 125/290 [00:30<00:39,  4.23it/s] 43%|████▎     | 126/290 [00:30<00:38,  4.25it/s] 44%|████▍     | 127/290 [00:30<00:38,  4.26it/s] 44%|████▍     | 128/290 [00:31<00:38,  4.24it/s] 44%|████▍     | 129/290 [00:31<00:38,  4.21it/s] 45%|████▍     | 130/290 [00:31<00:38,  4.20it/s] 45%|████▌     | 131/290 [00:31<00:37,  4.21it/s] 46%|████▌     | 132/290 [00:32<00:37,  4.20it/s] 46%|████▌     | 133/290 [00:32<00:37,  4.19it/s] 46%|████▌     | 134/290 [00:32<00:38,  4.08it/s] 47%|████▋     | 135/290 [00:32<00:38,  4.00it/s] 47%|████▋     | 136/290 [00:33<00:38,  4.05it/s] 47%|████▋     | 137/290 [00:33<00:37,  4.10it/s] 48%|████▊     | 138/290 [00:33<00:36,  4.13it/s] 48%|████▊     | 139/290 [00:33<00:36,  4.15it/s] 48%|████▊     | 140/290 [00:34<00:36,  4.16it/s] 49%|████▊     | 141/290 [00:34<00:35,  4.16it/s] 49%|████▉     | 142/290 [00:34<00:35,  4.15it/s] 49%|████▉     | 143/290 [00:34<00:36,  4.08it/s] 50%|████▉     | 144/290 [00:35<00:35,  4.10it/s] 50%|█████     | 145/290 [00:35<00:35,  4.11it/s] 50%|█████     | 146/290 [00:35<00:34,  4.13it/s] 51%|█████     | 147/290 [00:35<00:34,  4.16it/s] 51%|█████     | 148/290 [00:35<00:34,  4.17it/s] 51%|█████▏    | 149/290 [00:36<00:33,  4.16it/s] 52%|█████▏    | 150/290 [00:36<00:34,  4.06it/s] 52%|█████▏    | 151/290 [00:36<00:33,  4.10it/s] 52%|█████▏    | 152/290 [00:36<00:33,  4.12it/s] 53%|█████▎    | 153/290 [00:37<00:33,  4.14it/s] 53%|█████▎    | 154/290 [00:37<00:32,  4.15it/s] 53%|█████▎    | 155/290 [00:37<00:32,  4.15it/s] 54%|█████▍    | 156/290 [00:37<00:32,  4.14it/s] 54%|█████▍    | 157/290 [00:38<00:32,  4.15it/s] 54%|█████▍    | 158/290 [00:38<00:31,  4.17it/s] 55%|█████▍    | 159/290 [00:38<00:31,  4.16it/s] 55%|█████▌    | 160/290 [00:38<00:31,  4.15it/s] 56%|█████▌    | 161/290 [00:39<00:31,  4.15it/s] 56%|█████▌    | 162/290 [00:39<00:33,  3.79it/s] 56%|█████▌    | 163/290 [00:39<00:32,  3.88it/s] 57%|█████▋    | 164/290 [00:39<00:31,  3.96it/s] 57%|█████▋    | 165/290 [00:40<00:31,  4.01it/s] 57%|█████▋    | 166/290 [00:40<00:30,  4.06it/s] 58%|█████▊    | 167/290 [00:40<00:30,  4.09it/s] 58%|█████▊    | 168/290 [00:40<00:29,  4.10it/s] 58%|█████▊    | 169/290 [00:41<00:29,  4.12it/s] 59%|█████▊    | 170/290 [00:41<00:29,  4.03it/s] 59%|█████▉    | 171/290 [00:41<00:29,  4.07it/s] 59%|█████▉    | 172/290 [00:41<00:28,  4.10it/s] 60%|█████▉    | 173/290 [00:42<00:28,  4.11it/s] 60%|██████    | 174/290 [00:42<00:28,  4.12it/s] 60%|██████    | 175/290 [00:42<00:27,  4.13it/s] 61%|██████    | 176/290 [00:42<00:27,  4.14it/s] 61%|██████    | 177/290 [00:43<00:27,  4.14it/s] 61%|██████▏   | 178/290 [00:43<00:31,  3.61it/s] 62%|██████▏   | 179/290 [00:43<00:29,  3.76it/s] 62%|██████▏   | 180/290 [00:43<00:28,  3.88it/s] 62%|██████▏   | 181/290 [00:44<00:27,  3.96it/s] 63%|██████▎   | 182/290 [00:44<00:26,  4.03it/s] 63%|██████▎   | 183/290 [00:44<00:26,  4.08it/s] 63%|██████▎   | 184/290 [00:44<00:25,  4.11it/s] 64%|██████▍   | 185/290 [00:45<00:25,  4.14it/s] 64%|██████▍   | 186/290 [00:45<00:25,  4.15it/s] 64%|██████▍   | 187/290 [00:45<00:26,  3.83it/s] 65%|██████▍   | 188/290 [00:45<00:25,  3.93it/s] 65%|██████▌   | 189/290 [00:46<00:25,  4.01it/s] 66%|██████▌   | 190/290 [00:46<00:24,  4.07it/s] 66%|██████▌   | 191/290 [00:46<00:24,  4.11it/s] 66%|██████▌   | 192/290 [00:46<00:23,  4.13it/s] 67%|██████▋   | 193/290 [00:47<00:23,  4.14it/s] 67%|██████▋   | 194/290 [00:47<00:23,  4.14it/s] 67%|██████▋   | 195/290 [00:47<00:22,  4.14it/s] 68%|██████▊   | 196/290 [00:47<00:26,  3.51it/s] 68%|██████▊   | 197/290 [00:48<00:25,  3.67it/s] 68%|██████▊   | 198/290 [00:48<00:25,  3.67it/s] 69%|██████▊   | 199/290 [00:48<00:24,  3.79it/s] 69%|██████▉   | 200/290 [00:48<00:23,  3.90it/s] 69%|██████▉   | 201/290 [00:49<00:22,  3.98it/s] 70%|██████▉   | 202/290 [00:49<00:21,  4.04it/s] 70%|███████   | 203/290 [00:49<00:21,  4.09it/s] 70%|███████   | 204/290 [00:49<00:20,  4.11it/s] 71%|███████   | 205/290 [00:50<00:20,  4.13it/s] 71%|███████   | 206/290 [00:50<00:20,  4.16it/s] 71%|███████▏  | 207/290 [00:50<00:19,  4.16it/s] 72%|███████▏  | 208/290 [00:50<00:19,  4.17it/s] 72%|███████▏  | 209/290 [00:51<00:19,  4.17it/s] 72%|███████▏  | 210/290 [00:51<00:19,  4.16it/s] 73%|███████▎  | 211/290 [00:51<00:19,  4.06it/s] 73%|███████▎  | 212/290 [00:51<00:19,  4.09it/s] 73%|███████▎  | 213/290 [00:52<00:18,  4.12it/s] 74%|███████▍  | 214/290 [00:52<00:18,  4.14it/s] 74%|███████▍  | 215/290 [00:52<00:18,  4.15it/s] 74%|███████▍  | 216/290 [00:52<00:17,  4.15it/s] 75%|███████▍  | 217/290 [00:53<00:17,  4.15it/s] 75%|███████▌  | 218/290 [00:53<00:17,  4.17it/s] 76%|███████▌  | 219/290 [00:53<00:17,  4.07it/s] 76%|███████▌  | 220/290 [00:53<00:17,  4.11it/s] 76%|███████▌  | 221/290 [00:54<00:16,  4.12it/s] 77%|███████▋  | 222/290 [00:54<00:16,  4.14it/s] 77%|███████▋  | 223/290 [00:54<00:16,  4.15it/s] 77%|███████▋  | 224/290 [00:54<00:15,  4.16it/s] 78%|███████▊  | 225/290 [00:54<00:15,  4.17it/s] 78%|███████▊  | 226/290 [00:55<00:15,  4.18it/s] 78%|███████▊  | 227/290 [00:55<00:15,  3.96it/s] 79%|███████▊  | 228/290 [00:55<00:15,  4.04it/s] 79%|███████▉  | 229/290 [00:55<00:14,  4.09it/s] 79%|███████▉  | 230/290 [00:56<00:14,  4.11it/s] 80%|███████▉  | 231/290 [00:56<00:14,  4.16it/s] 80%|████████  | 232/290 [00:56<00:13,  4.18it/s] 80%|████████  | 233/290 [00:56<00:13,  4.20it/s] 81%|████████  | 234/290 [00:57<00:13,  4.06it/s] 81%|████████  | 235/290 [00:57<00:13,  4.10it/s] 81%|████████▏ | 236/290 [00:57<00:13,  4.12it/s] 82%|████████▏ | 237/290 [00:57<00:12,  4.12it/s] 82%|████████▏ | 238/290 [00:58<00:12,  4.14it/s] 82%|████████▏ | 239/290 [00:58<00:12,  4.14it/s] 83%|████████▎ | 240/290 [00:58<00:12,  4.15it/s] 83%|████████▎ | 241/290 [00:58<00:11,  4.15it/s] 83%|████████▎ | 242/290 [00:59<00:11,  4.15it/s] 84%|████████▍ | 243/290 [00:59<00:11,  4.16it/s] 84%|████████▍ | 244/290 [00:59<00:11,  4.16it/s] 84%|████████▍ | 245/290 [00:59<00:10,  4.17it/s] 85%|████████▍ | 246/290 [01:00<00:10,  4.17it/s] 85%|████████▌ | 247/290 [01:00<00:10,  4.18it/s] 86%|████████▌ | 248/290 [01:00<00:10,  4.17it/s] 86%|████████▌ | 249/290 [01:00<00:09,  4.17it/s] 86%|████████▌ | 250/290 [01:01<00:09,  4.17it/s] 87%|████████▋ | 251/290 [01:01<00:09,  4.19it/s] 87%|████████▋ | 252/290 [01:01<00:09,  4.18it/s] 87%|████████▋ | 253/290 [01:01<00:08,  4.19it/s] 88%|████████▊ | 254/290 [01:01<00:08,  4.03it/s] 88%|████████▊ | 255/290 [01:02<00:08,  4.09it/s] 88%|████████▊ | 256/290 [01:02<00:08,  4.12it/s] 89%|████████▊ | 257/290 [01:02<00:07,  4.16it/s] 89%|████████▉ | 258/290 [01:02<00:07,  4.15it/s] 89%|████████▉ | 259/290 [01:03<00:07,  4.15it/s] 90%|████████▉ | 260/290 [01:03<00:07,  4.17it/s] 90%|█████████ | 261/290 [01:03<00:06,  4.17it/s] 90%|█████████ | 262/290 [01:03<00:06,  4.18it/s] 91%|█████████ | 263/290 [01:04<00:06,  4.17it/s] 91%|█████████ | 264/290 [01:04<00:06,  4.18it/s] 91%|█████████▏| 265/290 [01:04<00:05,  4.20it/s] 92%|█████████▏| 266/290 [01:04<00:05,  4.22it/s] 92%|█████████▏| 267/290 [01:05<00:05,  4.25it/s] 92%|█████████▏| 268/290 [01:05<00:05,  4.27it/s] 93%|█████████▎| 269/290 [01:05<00:04,  4.28it/s] 93%|█████████▎| 270/290 [01:05<00:04,  4.28it/s] 93%|█████████▎| 271/290 [01:06<00:04,  4.27it/s] 94%|█████████▍| 272/290 [01:06<00:04,  4.26it/s] 94%|█████████▍| 273/290 [01:06<00:03,  4.27it/s] 94%|█████████▍| 274/290 [01:06<00:03,  4.25it/s] 95%|█████████▍| 275/290 [01:06<00:03,  4.22it/s] 95%|█████████▌| 276/290 [01:07<00:03,  4.21it/s] 96%|█████████▌| 277/290 [01:07<00:03,  4.19it/s] 96%|█████████▌| 278/290 [01:07<00:02,  4.19it/s] 96%|█████████▌| 279/290 [01:07<00:02,  4.01it/s] 97%|█████████▋| 280/290 [01:08<00:02,  4.06it/s] 97%|█████████▋| 281/290 [01:08<00:02,  4.10it/s] 97%|█████████▋| 282/290 [01:08<00:01,  4.13it/s] 98%|█████████▊| 283/290 [01:08<00:01,  4.17it/s] 98%|█████████▊| 284/290 [01:09<00:01,  4.17it/s] 98%|█████████▊| 285/290 [01:09<00:01,  4.17it/s] 99%|█████████▊| 286/290 [01:09<00:00,  4.18it/s] 99%|█████████▉| 287/290 [01:09<00:00,  4.18it/s] 99%|█████████▉| 288/290 [01:10<00:00,  4.16it/s]100%|█████████▉| 289/290 [01:10<00:00,  4.19it/s]100%|██████████| 290/290 [01:10<00:00,  4.12it/s]
╭───────────────────── Traceback (most recent call last) ──────────────────────╮
│ /home/l.peiwang/miniconda3/envs/pasta_env_new/lib/python3.10/site-packages/n │
│ ibabel/loadsave.py:100 in load                                               │
│                                                                              │
│    97 │                                                                      │
│    98 │   # Check file exists and is not empty                               │
│    99 │   try:                                                               │
│ ❱ 100 │   │   stat_result = os.stat(filename)                                │
│   101 │   except OSError:                                                    │
│   102 │   │   raise FileNotFoundError(f"No such file or no access: '{filenam │
│   103 │   if stat_result.st_size <= 0:                                       │
╰──────────────────────────────────────────────────────────────────────────────╯
FileNotFoundError: [Errno 2] No such file or directory: 
'/home/yitong/dementia_ROI/5xenlarged_warped_ROIs.nii.gz'

During handling of the above exception, another exception occurred:

╭───────────────────── Traceback (most recent call last) ──────────────────────╮
│ /home/l.peiwang/PASTA/train_mri2pet.py:139 in <module>                       │
│                                                                              │
│   136                                                                        │
│   137 if __name__ == "__main__":                                             │
│   138 │   set_seed_everywhere(666)                                           │
│ ❱ 139 │   main()                                                             │
│   140                                                                        │
│                                                                              │
│ /home/l.peiwang/PASTA/train_mri2pet.py:95 in main                            │
│                                                                              │
│    92 │   │   rescale_intensity = args.rescale_intensity,                    │
│    93 │   )                                                                  │
│    94 │                                                                      │
│ ❱  95 │   trainer = Trainer(                                                 │
│    96 │   │   diffusion,                                                     │
│    97 │   │   folder = args.data_dir,                                        │
│    98 │   │   input_slice_channel = args.input_slice_channel,                │
│                                                                              │
│ /home/l.peiwang/PASTA/src/trainer/trainer.py:136 in __init__                 │
│                                                                              │
│   133 │   │   │   │   train_data = folder + 'train.h5'                       │
│   134 │   │   │   │   valid_data = folder + 'valid.h5'                       │
│   135 │   │   │   │                                                          │
│ ❱ 136 │   │   │   │   self.ds = MRI2PET_2_5D_Dataset(self.image_size, data_p │
│   137 │   │   │   │   │   direction = image_direction, num_slices = num_slic │
│   138 │   │   │   │   │   random_flip = False, random_affine = False,        │
│   139 │   │   │   │   │   ROI_mask = ROI_mask, dx_labels = dx_labels)        │
│                                                                              │
│ /home/l.peiwang/PASTA/src/datasets/dataset.py:278 in __init__                │
│                                                                              │
│   275 │   │   self.ROI_mask = ROI_mask                                       │
│   276 │   │   self.dx_labels = dx_labels                                     │
│   277 │   │                                                                  │
│ ❱ 278 │   │   self._load()                                                   │
│   279 │                                                                      │
│   280 │   def _load(self):                                                   │
│   281 │   │   mri_data = []                                                  │
│                                                                              │
│ /home/l.peiwang/PASTA/src/datasets/dataset.py:503 in _load                   │
│                                                                              │
│   500 │   │   │   self._diagnosis = [DIAGNOSIS_MAP[d] for d in diagnosis]    │
│   501 │   │                                                                  │
│   502 │   │   if self.ROI_mask is not None:                                  │
│ ❱ 503 │   │   │   self._ROI_mask = nib.load(self.ROI_mask).get_fdata()       │
│   504 │   │   │   print('Loaded ROI mask shape: ', self._ROI_mask.shape)     │
│   505 │   │   │   assert PET_shape == self._ROI_mask.shape, ('ROI mask shape │
│   506 │   │   else:                                                          │
│                                                                              │
│ /home/l.peiwang/miniconda3/envs/pasta_env_new/lib/python3.10/site-packages/n │
│ ibabel/loadsave.py:102 in load                                               │
│                                                                              │
│    99 │   try:                                                               │
│   100 │   │   stat_result = os.stat(filename)                                │
│   101 │   except OSError:                                                    │
│ ❱ 102 │   │   raise FileNotFoundError(f"No such file or no access: '{filenam │
│   103 │   if stat_result.st_size <= 0:                                       │
│   104 │   │   raise ImageFileError(f"Empty file: '{filename}'")              │
│   105                                                                        │
╰──────────────────────────────────────────────────────────────────────────────╯
FileNotFoundError: No such file or no access: 
'/home/yitong/dementia_ROI/5xenlarged_warped_ROIs.nii.gz'
